#
# There is insufficient memory for the Java Runtime Environment to continue.
# Native memory allocation (malloc) failed to allocate 1696032 bytes for Chunk::new
# Possible reasons:
#   The system is out of physical RAM or swap space
#   In 32 bit mode, the process size limit was hit
# Possible solutions:
#   Reduce memory load on the system
#   Increase physical memory or swap space
#   Check if swap backing store is full
#   Use 64 bit Java on a 64 bit OS
#   Decrease Java heap size (-Xmx/-Xms)
#   Decrease number of Java threads
#   Decrease Java thread stack sizes (-Xss)
#   Set larger code cache with -XX:ReservedCodeCacheSize=
# This output file may be truncated or incomplete.
#
#  Out of Memory Error (allocation.cpp:390), pid=2876, tid=0x0000000000002418
#
# JRE version: Java(TM) SE Runtime Environment (8.0_111-b14) (build 1.8.0_111-b14)
# Java VM: Java HotSpot(TM) 64-Bit Server VM (25.111-b14 mixed mode windows-amd64 compressed oops)
# Failed to write core dump. Minidumps are not enabled by default on client versions of Windows
#

---------------  T H R E A D  ---------------

Current thread (0x000000001eb9b000):  JavaThread "C2 CompilerThread1" daemon [_thread_in_native, id=9240, stack(0x0000000020700000,0x0000000020800000)]

Stack: [0x0000000020700000,0x0000000020800000]
[error occurred during error reporting (printing stack bounds), id 0xc0000005]

Native frames: (J=compiled Java code, j=interpreted, Vv=VM code, C=native code)


Current CompileTask:
C2:  90921 8163   !   4       org.springframework.beans.factory.support.DefaultListableBeanFactory::doGetBeanNamesForType (593 bytes)


---------------  P R O C E S S  ---------------

Java Threads: ( => current thread )
  0x00000000258a4800 JavaThread "hystrix-common-server-2" daemon [_thread_blocked, id=8708, stack(0x000000002f5c0000,0x000000002f6c0000)]
  0x00000000258a6000 JavaThread "NFLoadBalancer-PingTimer-prefecture-server" daemon [_thread_blocked, id=11764, stack(0x000000002f4c0000,0x000000002f5c0000)]
  0x00000000258a1000 JavaThread "RibbonApacheHttpClientConfiguration.connectionManagerTimer" daemon [_thread_blocked, id=6164, stack(0x000000002f3c0000,0x000000002f4c0000)]
  0x00000000258a1800 JavaThread "hystrix-prefecture-server-1" daemon [_thread_blocked, id=6940, stack(0x000000002f2c0000,0x000000002f3c0000)]
  0x00000000258a2800 JavaThread "NFLoadBalancer-PingTimer-order-server" daemon [_thread_blocked, id=6736, stack(0x000000002f1c0000,0x000000002f2c0000)]
  0x00000000258a4000 JavaThread "RibbonApacheHttpClientConfiguration.connectionManagerTimer" daemon [_thread_blocked, id=1084, stack(0x000000002f0c0000,0x000000002f1c0000)]
  0x00000000258a3000 JavaThread "hystrix-order-server-1" daemon [_thread_blocked, id=9256, stack(0x000000002efc0000,0x000000002f0c0000)]
  0x00000000258a7800 JavaThread "HystrixTimer-4" daemon [_thread_blocked, id=9668, stack(0x000000002eec0000,0x000000002efc0000)]
  0x00000000258a7000 JavaThread "RxComputationScheduler-4" daemon [_thread_blocked, id=7052, stack(0x000000002edc0000,0x000000002eec0000)]
  0x0000000021e85800 JavaThread "NFLoadBalancer-PingTimer-common-server" daemon [_thread_blocked, id=8024, stack(0x000000002ecc0000,0x000000002edc0000)]
  0x00000000200f8000 JavaThread "RibbonApacheHttpClientConfiguration.connectionManagerTimer" daemon [_thread_blocked, id=2024, stack(0x000000002ebc0000,0x000000002ecc0000)]
  0x00000000200f0800 JavaThread "hystrix-common-server-1" daemon [_thread_blocked, id=2092, stack(0x000000002eac0000,0x000000002ebc0000)]
  0x00000000200f2000 JavaThread "HystrixTimer-3" daemon [_thread_blocked, id=7996, stack(0x000000002e9c0000,0x000000002eac0000)]
  0x00000000200f7000 JavaThread "RxComputationScheduler-3" daemon [_thread_blocked, id=2992, stack(0x000000002e8c0000,0x000000002e9c0000)]
  0x00000000200f6800 JavaThread "PollingServerListUpdater-1" daemon [_thread_blocked, id=11260, stack(0x000000002e7c0000,0x000000002e8c0000)]
  0x00000000200f5000 JavaThread "NFLoadBalancer-PingTimer-third-party-server" daemon [_thread_blocked, id=2220, stack(0x000000002e6c0000,0x000000002e7c0000)]
  0x00000000200f3800 JavaThread "RibbonApacheHttpClientConfiguration.connectionManagerTimer" daemon [_thread_blocked, id=2656, stack(0x000000002e5c0000,0x000000002e6c0000)]
  0x00000000200f4000 JavaThread "hystrix-third-party-server-1" daemon [_thread_blocked, id=776, stack(0x000000002e4c0000,0x000000002e5c0000)]
  0x00000000200f1000 JavaThread "HystrixTimer-2" daemon [_thread_blocked, id=1624, stack(0x000000002e3c0000,0x000000002e4c0000)]
  0x00000000200f5800 JavaThread "RxComputationScheduler-2" daemon [_thread_blocked, id=9544, stack(0x000000002e2c0000,0x000000002e3c0000)]
  0x00000000200f2800 JavaThread "Keep-Alive-Timer" daemon [_thread_blocked, id=5392, stack(0x000000002dfc0000,0x000000002e0c0000)]
  0x00000000200e9000 JavaThread "DataPublisher" daemon [_thread_blocked, id=9840, stack(0x000000002dec0000,0x000000002dfc0000)]
  0x00000000200ef000 JavaThread "PollingServerListUpdater-0" daemon [_thread_blocked, id=488, stack(0x000000002ddc0000,0x000000002dec0000)]
  0x00000000200ee000 JavaThread "NFLoadBalancer-PingTimer-account-server" daemon [_thread_blocked, id=4796, stack(0x000000002dcc0000,0x000000002ddc0000)]
  0x00000000200eb000 JavaThread "RibbonApacheHttpClientConfiguration.connectionManagerTimer" daemon [_thread_blocked, id=5408, stack(0x000000002dbc0000,0x000000002dcc0000)]
  0x00000000200ec800 JavaThread "hystrix-account-server-1" daemon [_thread_blocked, id=7444, stack(0x000000002dac0000,0x000000002dbc0000)]
  0x00000000200ea800 JavaThread "HystrixTimer-1" daemon [_thread_blocked, id=8612, stack(0x000000002d9c0000,0x000000002dac0000)]
  0x00000000200ec000 JavaThread "RxComputationScheduler-1" daemon [_thread_blocked, id=11624, stack(0x000000002d8c0000,0x000000002d9c0000)]
  0x00000000200ed800 JavaThread "RxIoScheduler-1 (Evictor)" daemon [_thread_blocked, id=11052, stack(0x000000002d7c0000,0x000000002d8c0000)]
  0x00000000200ef800 JavaThread "RxScheduledExecutorPool-2" daemon [_thread_blocked, id=4676, stack(0x000000002d6c0000,0x000000002d7c0000)]
  0x00000000200e9800 JavaThread "RxScheduledExecutorPool-1" daemon [_thread_blocked, id=11004, stack(0x000000002d5c0000,0x000000002d6c0000)]
  0x0000000022873000 JavaThread "DiscoveryClient-CacheRefreshExecutor-0" daemon [_thread_blocked, id=1292, stack(0x000000002cfc0000,0x000000002d0c0000)]
  0x0000000022872800 JavaThread "DiscoveryClient-HeartbeatExecutor-0" daemon [_thread_blocked, id=3292, stack(0x000000002c9c0000,0x000000002cac0000)]
  0x0000000021e90800 JavaThread "DestroyJavaVM" [_thread_blocked, id=6996, stack(0x0000000005320000,0x0000000005420000)]
  0x0000000021e90000 JavaThread "http-nio-9002-AsyncTimeout" daemon [_thread_blocked, id=7080, stack(0x000000002c630000,0x000000002c730000)]
  0x0000000021e8f000 JavaThread "http-nio-9002-Acceptor-0" daemon [_thread_in_native, id=12036, stack(0x000000002c530000,0x000000002c630000)]
  0x0000000021e8e800 JavaThread "http-nio-9002-ClientPoller-1" daemon [_thread_in_native, id=12028, stack(0x000000002c430000,0x000000002c530000)]
  0x0000000021e87000 JavaThread "http-nio-9002-ClientPoller-0" daemon [_thread_in_native, id=8776, stack(0x000000002c330000,0x000000002c430000)]
  0x0000000021e87800 JavaThread "http-nio-9002-exec-10" daemon [_thread_blocked, id=2232, stack(0x000000002c230000,0x000000002c330000)]
  0x0000000021e8d800 JavaThread "http-nio-9002-exec-9" daemon [_thread_blocked, id=4360, stack(0x000000002c130000,0x000000002c230000)]
  0x0000000021e8d000 JavaThread "http-nio-9002-exec-8" daemon [_thread_blocked, id=2512, stack(0x000000002c030000,0x000000002c130000)]
  0x0000000021e8c000 JavaThread "http-nio-9002-exec-7" daemon [_thread_blocked, id=9028, stack(0x000000002bf30000,0x000000002c030000)]
  0x0000000021e8b800 JavaThread "http-nio-9002-exec-6" daemon [_thread_blocked, id=10704, stack(0x000000002be30000,0x000000002bf30000)]
  0x0000000021e89000 JavaThread "http-nio-9002-exec-5" daemon [_thread_blocked, id=7956, stack(0x000000002bd30000,0x000000002be30000)]
  0x0000000021e86000 JavaThread "http-nio-9002-exec-4" daemon [_thread_blocked, id=11904, stack(0x000000002bc30000,0x000000002bd30000)]
  0x0000000021e88800 JavaThread "http-nio-9002-exec-3" daemon [_thread_blocked, id=5764, stack(0x000000002bb30000,0x000000002bc30000)]
  0x0000000021e84800 JavaThread "http-nio-9002-exec-2" daemon [_thread_blocked, id=11280, stack(0x000000002ba30000,0x000000002bb30000)]
  0x0000000021e84000 JavaThread "http-nio-9002-exec-1" daemon [_thread_blocked, id=11448, stack(0x000000002b930000,0x000000002ba30000)]
  0x0000000021e8a800 JavaThread "NioBlockingSelector.BlockPoller-1" daemon [_thread_in_native, id=8988, stack(0x000000002b830000,0x000000002b930000)]
  0x0000000021e83000 JavaThread "registrationTask1" [_thread_blocked, id=10560, stack(0x000000002b320000,0x000000002b420000)]
  0x0000000021e8a000 JavaThread "redisMessageListenerContainer-1" [_thread_in_native, id=7516, stack(0x000000002b020000,0x000000002b120000)]
  0x00000000215a1000 JavaThread "DiscoveryClient-InstanceInfoReplicator-0" daemon [_thread_blocked, id=7136, stack(0x000000002af20000,0x000000002b020000)]
  0x00000000215a0000 JavaThread "DiscoveryClient-1" daemon [_thread_blocked, id=7608, stack(0x000000002ae20000,0x000000002af20000)]
  0x000000002159e000 JavaThread "DiscoveryClient-0" daemon [_thread_blocked, id=5336, stack(0x000000002ad20000,0x000000002ae20000)]
  0x000000002159d000 JavaThread "AsyncResolver-bootstrap-0" daemon [_thread_blocked, id=6204, stack(0x0000000029a10000,0x0000000029b10000)]
  0x00000000215a3000 JavaThread "Eureka-JerseyClient-Conn-Cleaner2" daemon [_thread_blocked, id=10068, stack(0x0000000029910000,0x0000000029a10000)]
  0x00000000215a4000 JavaThread "Eureka-JerseyClient-Conn-Cleaner2" daemon [_thread_blocked, id=7800, stack(0x0000000029610000,0x0000000029710000)]
  0x00000000215a2800 JavaThread "spring.cloud.inetutils" daemon [_thread_blocked, id=11156, stack(0x0000000028f00000,0x0000000029000000)]
  0x000000002159e800 JavaThread "container-0" [_thread_blocked, id=12052, stack(0x0000000028a00000,0x0000000028b00000)]
  0x0000000022871000 JavaThread "ContainerBackgroundProcessor[StandardEngine[Tomcat]]" daemon [_thread_blocked, id=8940, stack(0x0000000028900000,0x0000000028a00000)]
  0x0000000022871800 JavaThread "commons-pool-evictor-thread" [_thread_blocked, id=3856, stack(0x0000000028400000,0x0000000028500000)]
  0x0000000022a83800 JavaThread "MasterListener-ppyxmaster-[192.168.1.61:26379]" daemon [_thread_in_native, id=6788, stack(0x0000000028200000,0x0000000028300000)]
  0x000000001eb9e800 JavaThread "Service Thread" daemon [_thread_blocked, id=10808, stack(0x0000000020900000,0x0000000020a00000)]
  0x000000001eb9d800 JavaThread "C1 CompilerThread2" daemon [_thread_blocked, id=10428, stack(0x0000000020800000,0x0000000020900000)]
=>0x000000001eb9b000 JavaThread "C2 CompilerThread1" daemon [_thread_in_native, id=9240, stack(0x0000000020700000,0x0000000020800000)]
  0x000000001eb68000 JavaThread "C2 CompilerThread0" daemon [_thread_in_native, id=9604, stack(0x0000000020600000,0x0000000020700000)]
  0x000000001eb55000 JavaThread "Attach Listener" daemon [_thread_blocked, id=7612, stack(0x0000000020500000,0x0000000020600000)]
  0x0000000020043800 JavaThread "Signal Dispatcher" daemon [_thread_blocked, id=11492, stack(0x0000000020400000,0x0000000020500000)]
  0x000000001eb30000 JavaThread "Finalizer" daemon [_thread_blocked, id=1060, stack(0x000000001fda0000,0x000000001fea0000)]
  0x0000000005518000 JavaThread "Reference Handler" daemon [_thread_blocked, id=11596, stack(0x000000001fca0000,0x000000001fda0000)]

Other Threads:
  0x000000001eb06800 VMThread [stack: 0x000000001fba0000,0x000000001fca0000] [id=8044]
  0x000000002010f800 WatcherThread [stack: 0x0000000020a00000,0x0000000020b00000] [id=6428]

VM state:not at safepoint (normal execution)

VM Mutex/Monitor currently owned by a thread: None

Heap:
 PSYoungGen      total 632320K, used 244732K [0x000000076b400000, 0x0000000793980000, 0x00000007c0000000)
  eden space 617472K, 39% used [0x000000076b400000,0x000000077a2ff0d8,0x0000000790f00000)
  from space 14848K, 0% used [0x0000000792b00000,0x0000000792b00000,0x0000000793980000)
  to   space 18432K, 0% used [0x0000000791580000,0x0000000791580000,0x0000000792780000)
 ParOldGen       total 184832K, used 42848K [0x00000006c1c00000, 0x00000006cd080000, 0x000000076b400000)
  object space 184832K, 23% used [0x00000006c1c00000,0x00000006c45d8378,0x00000006cd080000)
 Metaspace       used 62795K, capacity 64062K, committed 64168K, reserved 1105920K
  class space    used 8085K, capacity 8317K, committed 8360K, reserved 1048576K

Card table byte_map: [0x00000000148e0000,0x00000000150e0000] byte_map_base: 0x00000000112d2000

Marking Bits: (ParMarkBitMap*) 0x000000005533a6c0
 Begin Bits: [0x0000000015a30000, 0x00000000199c0000)
 End Bits:   [0x00000000199c0000, 0x000000001d950000)

Polling page: 0x00000000032c0000

CodeCache: size=245760Kb used=21507Kb max_used=21507Kb free=224252Kb
 bounds [0x0000000005520000, 0x0000000006a50000, 0x0000000014520000]
 total_blobs=7379 nmethods=6841 adapters=447
 compilation: enabled

Compilation events (10 events):
Event: 90.785 Thread 0x000000001eb9d800 8219   !   3       rx.Subscriber::request (84 bytes)
Event: 90.786 Thread 0x000000001eb9d800 nmethod 8219 0x0000000006a1e1d0 code [0x0000000006a1e3e0, 0x0000000006a1ef78]
Event: 90.786 Thread 0x000000001eb9d800 8220       3       java.util.concurrent.ScheduledThreadPoolExecutor$ScheduledFutureTask::getDelay (20 bytes)
Event: 90.786 Thread 0x000000001eb9d800 nmethod 8220 0x0000000006a1dc10 code [0x0000000006a1dd80, 0x0000000006a1e0c8]
Event: 90.828 Thread 0x000000001eb9d800 8221       3       java.lang.Double::<init> (10 bytes)
Event: 90.829 Thread 0x000000001eb9d800 nmethod 8221 0x0000000006a1d790 code [0x0000000006a1d900, 0x0000000006a1db10]
Event: 90.829 Thread 0x000000001eb9d800 8222   !   3       com.netflix.servo.monitor.Monitors::addMonitorFields (203 bytes)
Event: 90.833 Thread 0x000000001eb9d800 nmethod 8222 0x0000000006a2e510 code [0x0000000006a2ec80, 0x0000000006a33b68]
Event: 90.873 Thread 0x000000001eb9d800 8223   !   3       rx.subscriptions.CompositeSubscription::add (78 bytes)
Event: 90.874 Thread 0x000000001eb9d800 nmethod 8223 0x0000000006a1c750 code [0x0000000006a1c960, 0x0000000006a1d338]

GC Heap History (10 events):
Event: 8.334 GC heap before
{Heap before GC invocations=11 (full 2):
 PSYoungGen      total 340992K, used 325120K [0x000000076b400000, 0x0000000784600000, 0x00000007c0000000)
  eden space 325120K, 100% used [0x000000076b400000,0x000000077f180000,0x000000077f180000)
  from space 15872K, 0% used [0x0000000780280000,0x0000000780280000,0x0000000781200000)
  to   space 17408K, 0% used [0x000000077f180000,0x000000077f180000,0x0000000780280000)
 ParOldGen       total 132608K, used 19826K [0x00000006c1c00000, 0x00000006c9d80000, 0x000000076b400000)
  object space 132608K, 14% used [0x00000006c1c00000,0x00000006c2f5cb60,0x00000006c9d80000)
 Metaspace       used 39441K, capacity 40028K, committed 40232K, reserved 1085440K
  class space    used 4947K, capacity 5085K, committed 5160K, reserved 1048576K
Event: 8.349 GC heap after
Heap after GC invocations=11 (full 2):
 PSYoungGen      total 342528K, used 9482K [0x000000076b400000, 0x0000000789c80000, 0x00000007c0000000)
  eden space 325120K, 0% used [0x000000076b400000,0x000000076b400000,0x000000077f180000)
  from space 17408K, 54% used [0x000000077f180000,0x000000077fac2a70,0x0000000780280000)
  to   space 16896K, 0% used [0x0000000788c00000,0x0000000788c00000,0x0000000789c80000)
 ParOldGen       total 132608K, used 19834K [0x00000006c1c00000, 0x00000006c9d80000, 0x000000076b400000)
  object space 132608K, 14% used [0x00000006c1c00000,0x00000006c2f5eb60,0x00000006c9d80000)
 Metaspace       used 39441K, capacity 40028K, committed 40232K, reserved 1085440K
  class space    used 4947K, capacity 5085K, committed 5160K, reserved 1048576K
}
Event: 10.616 GC heap before
{Heap before GC invocations=12 (full 2):
 PSYoungGen      total 342528K, used 334602K [0x000000076b400000, 0x0000000789c80000, 0x00000007c0000000)
  eden space 325120K, 100% used [0x000000076b400000,0x000000077f180000,0x000000077f180000)
  from space 17408K, 54% used [0x000000077f180000,0x000000077fac2a70,0x0000000780280000)
  to   space 16896K, 0% used [0x0000000788c00000,0x0000000788c00000,0x0000000789c80000)
 ParOldGen       total 132608K, used 19834K [0x00000006c1c00000, 0x00000006c9d80000, 0x000000076b400000)
  object space 132608K, 14% used [0x00000006c1c00000,0x00000006c2f5eb60,0x00000006c9d80000)
 Metaspace       used 42642K, capacity 43408K, committed 43688K, reserved 1087488K
  class space    used 5319K, capacity 5483K, committed 5544K, reserved 1048576K
Event: 10.631 GC heap after
Heap after GC invocations=12 (full 2):
 PSYoungGen      total 471040K, used 14709K [0x000000076b400000, 0x0000000789a80000, 0x00000007c0000000)
  eden space 456192K, 0% used [0x000000076b400000,0x000000076b400000,0x0000000787180000)
  from space 14848K, 99% used [0x0000000788c00000,0x0000000789a5d430,0x0000000789a80000)
  to   space 17920K, 0% used [0x0000000787780000,0x0000000787780000,0x0000000788900000)
 ParOldGen       total 132608K, used 19842K [0x00000006c1c00000, 0x00000006c9d80000, 0x000000076b400000)
  object space 132608K, 14% used [0x00000006c1c00000,0x00000006c2f60b60,0x00000006c9d80000)
 Metaspace       used 42642K, capacity 43408K, committed 43688K, reserved 1087488K
  class space    used 5319K, capacity 5483K, committed 5544K, reserved 1048576K
}
Event: 12.884 GC heap before
{Heap before GC invocations=13 (full 2):
 PSYoungGen      total 471040K, used 470901K [0x000000076b400000, 0x0000000789a80000, 0x00000007c0000000)
  eden space 456192K, 100% used [0x000000076b400000,0x0000000787180000,0x0000000787180000)
  from space 14848K, 99% used [0x0000000788c00000,0x0000000789a5d430,0x0000000789a80000)
  to   space 17920K, 0% used [0x0000000787780000,0x0000000787780000,0x0000000788900000)
 ParOldGen       total 132608K, used 19842K [0x00000006c1c00000, 0x00000006c9d80000, 0x000000076b400000)
  object space 132608K, 14% used [0x00000006c1c00000,0x00000006c2f60b60,0x00000006c9d80000)
 Metaspace       used 46337K, capacity 47008K, committed 47272K, reserved 1091584K
  class space    used 5838K, capacity 5971K, committed 6056K, reserved 1048576K
Event: 12.910 GC heap after
Heap after GC invocations=13 (full 2):
 PSYoungGen      total 480256K, used 12704K [0x000000076b400000, 0x0000000793c80000, 0x00000007c0000000)
  eden space 462336K, 0% used [0x000000076b400000,0x000000076b400000,0x0000000787780000)
  from space 17920K, 70% used [0x0000000787780000,0x00000007883e80c8,0x0000000788900000)
  to   space 17920K, 0% used [0x0000000792b00000,0x0000000792b00000,0x0000000793c80000)
 ParOldGen       total 132608K, used 32138K [0x00000006c1c00000, 0x00000006c9d80000, 0x000000076b400000)
  object space 132608K, 24% used [0x00000006c1c00000,0x00000006c3b62860,0x00000006c9d80000)
 Metaspace       used 46337K, capacity 47008K, committed 47272K, reserved 1091584K
  class space    used 5838K, capacity 5971K, committed 6056K, reserved 1048576K
}
Event: 66.928 GC heap before
{Heap before GC invocations=14 (full 2):
 PSYoungGen      total 480256K, used 355212K [0x000000076b400000, 0x0000000793c80000, 0x00000007c0000000)
  eden space 462336K, 74% used [0x000000076b400000,0x000000078027b070,0x0000000787780000)
  from space 17920K, 70% used [0x0000000787780000,0x00000007883e80c8,0x0000000788900000)
  to   space 17920K, 0% used [0x0000000792b00000,0x0000000792b00000,0x0000000793c80000)
 ParOldGen       total 132608K, used 32138K [0x00000006c1c00000, 0x00000006c9d80000, 0x000000076b400000)
  object space 132608K, 24% used [0x00000006c1c00000,0x00000006c3b62860,0x00000006c9d80000)
 Metaspace       used 58015K, capacity 58940K, committed 59160K, reserved 1101824K
  class space    used 7375K, capacity 7570K, committed 7592K, reserved 1048576K
Event: 66.948 GC heap after
Heap after GC invocations=14 (full 2):
 PSYoungGen      total 632320K, used 14668K [0x000000076b400000, 0x0000000793980000, 0x00000007c0000000)
  eden space 617472K, 0% used [0x000000076b400000,0x000000076b400000,0x0000000790f00000)
  from space 14848K, 98% used [0x0000000792b00000,0x0000000793953238,0x0000000793980000)
  to   space 18432K, 0% used [0x0000000791580000,0x0000000791580000,0x0000000792780000)
 ParOldGen       total 132608K, used 38206K [0x00000006c1c00000, 0x00000006c9d80000, 0x000000076b400000)
  object space 132608K, 28% used [0x00000006c1c00000,0x00000006c414f920,0x00000006c9d80000)
 Metaspace       used 58015K, capacity 58940K, committed 59160K, reserved 1101824K
  class space    used 7375K, capacity 7570K, committed 7592K, reserved 1048576K
}
Event: 66.948 GC heap before
{Heap before GC invocations=15 (full 3):
 PSYoungGen      total 632320K, used 14668K [0x000000076b400000, 0x0000000793980000, 0x00000007c0000000)
  eden space 617472K, 0% used [0x000000076b400000,0x000000076b400000,0x0000000790f00000)
  from space 14848K, 98% used [0x0000000792b00000,0x0000000793953238,0x0000000793980000)
  to   space 18432K, 0% used [0x0000000791580000,0x0000000791580000,0x0000000792780000)
 ParOldGen       total 132608K, used 38206K [0x00000006c1c00000, 0x00000006c9d80000, 0x000000076b400000)
  object space 132608K, 28% used [0x00000006c1c00000,0x00000006c414f920,0x00000006c9d80000)
 Metaspace       used 58015K, capacity 58940K, committed 59160K, reserved 1101824K
  class space    used 7375K, capacity 7570K, committed 7592K, reserved 1048576K
Event: 67.178 GC heap after
Heap after GC invocations=15 (full 3):
 PSYoungGen      total 632320K, used 0K [0x000000076b400000, 0x0000000793980000, 0x00000007c0000000)
  eden space 617472K, 0% used [0x000000076b400000,0x000000076b400000,0x0000000790f00000)
  from space 14848K, 0% used [0x0000000792b00000,0x0000000792b00000,0x0000000793980000)
  to   space 18432K, 0% used [0x0000000791580000,0x0000000791580000,0x0000000792780000)
 ParOldGen       total 184832K, used 42848K [0x00000006c1c00000, 0x00000006cd080000, 0x000000076b400000)
  object space 184832K, 23% used [0x00000006c1c00000,0x00000006c45d8378,0x00000006cd080000)
 Metaspace       used 58015K, capacity 58940K, committed 59160K, reserved 1101824K
  class space    used 7375K, capacity 7570K, committed 7592K, reserved 1048576K
}

Deoptimization events (10 events):
Event: 67.498 Thread 0x0000000021e8d800 Uncommon trap: reason=class_check action=maybe_recompile pc=0x000000000568e0e0 method=java.lang.Character.toUpperCase(I)I @ 5
Event: 67.498 Thread 0x0000000021e8d800 Uncommon trap: reason=class_check action=maybe_recompile pc=0x000000000568e0e0 method=java.lang.Character.toUpperCase(I)I @ 5
Event: 67.498 Thread 0x0000000021e8d800 Uncommon trap: reason=class_check action=maybe_recompile pc=0x000000000568e114 method=java.lang.Character.toUpperCase(I)I @ 5
Event: 67.498 Thread 0x0000000021e8d800 Uncommon trap: reason=class_check action=maybe_recompile pc=0x000000000568e0e0 method=java.lang.Character.toUpperCase(I)I @ 5
Event: 67.598 Thread 0x0000000021e8d800 Uncommon trap: reason=class_check action=maybe_recompile pc=0x000000000613c188 method=org.springframework.core.ResolvableType.resolveType()Lorg/springframework/core/ResolvableType; @ 14
Event: 67.972 Thread 0x0000000021e87800 Uncommon trap: reason=unstable_if action=reinterpret pc=0x0000000006626440 method=com.fasterxml.jackson.databind.ser.BeanPropertyWriter.serializeAsField(Ljava/lang/Object;Lcom/fasterxml/jackson/core/JsonGenerator;Lcom/fasterxml/jackson/databind/Serializer
Event: 83.720 Thread 0x0000000021e84800 Uncommon trap: reason=unstable_if action=reinterpret pc=0x000000000620989c method=java.nio.Buffer.<init>(IIII)V @ 66
Event: 83.763 Thread 0x0000000021e84800 Uncommon trap: reason=unstable_if action=reinterpret pc=0x0000000005f41210 method=java.util.regex.Pattern$Curly.match0(Ljava/util/regex/Matcher;IILjava/lang/CharSequence;)Z @ 5
Event: 89.766 Thread 0x0000000021e88800 Uncommon trap: reason=unstable_if action=reinterpret pc=0x0000000006992a00 method=org.springframework.core.annotation.AnnotationUtils.synthesizeAnnotation(Ljava/lang/annotation/Annotation;Ljava/lang/Object;)Ljava/lang/annotation/Annotation; @ 10
Event: 89.839 Thread 0x00000000258a3000 Uncommon trap: reason=unstable_if action=reinterpret pc=0x00000000058ac444 method=java.net.URL.set(Ljava/lang/String;Ljava/lang/String;ILjava/lang/String;Ljava/lang/String;Ljava/lang/String;Ljava/lang/String;Ljava/lang/String;)V @ 23

Internal exceptions (10 events):
Event: 84.637 Thread 0x00000000200ec800 Exception <a 'java/lang/ClassNotFoundException': com/netflix/client/IClientCustomizer> (0x000000077610d6d8) thrown at [C:\re\workspace\8-2-build-windows-amd64-cygwin\jdk8u111\7883\hotspot\src\share\vm\classfile\systemDictionary.cpp, line 210]
Event: 84.638 Thread 0x00000000200ec800 Exception <a 'java/lang/ClassNotFoundException': com/netflix/client/IClientConfigAwareCustomizer> (0x000000077614a820) thrown at [C:\re\workspace\8-2-build-windows-amd64-cygwin\jdk8u111\7883\hotspot\src\share\vm\classfile\systemDictionary.cpp, line 210]
Event: 84.639 Thread 0x00000000200ec800 Exception <a 'java/lang/ClassNotFoundException': com/netflix/client/IClientConfigAwareCustomizer> (0x0000000776186e28) thrown at [C:\re\workspace\8-2-build-windows-amd64-cygwin\jdk8u111\7883\hotspot\src\share\vm\classfile\systemDictionary.cpp, line 210]
Event: 84.642 Thread 0x00000000200ec800 Exception <a 'java/lang/ClassNotFoundException': java/lang/ObjectCustomizer> (0x00000007761b4ff8) thrown at [C:\re\workspace\8-2-build-windows-amd64-cygwin\jdk8u111\7883\hotspot\src\share\vm\classfile\systemDictionary.cpp, line 210]
Event: 84.643 Thread 0x00000000200ec800 Exception <a 'java/lang/ClassNotFoundException': com/netflix/loadbalancer/LoadBalancerContextCustomizer> (0x00000007761f8698) thrown at [C:\re\workspace\8-2-build-windows-amd64-cygwin\jdk8u111\7883\hotspot\src\share\vm\classfile\systemDictionary.cpp, line
Event: 84.660 Thread 0x00000000200ec800 Exception <a 'java/lang/ClassNotFoundException': org/springframework/cloud/netflix/ribbon/RibbonLoadBalancerContextCustomizer> (0x0000000776257870) thrown at [C:\re\workspace\8-2-build-windows-amd64-cygwin\jdk8u111\7883\hotspot\src\share\vm\classfile\syst
Event: 84.661 Thread 0x00000000200ec800 Exception <a 'java/lang/ClassNotFoundException': com/netflix/client/IClientConfigAwareCustomizer> (0x000000077629edc8) thrown at [C:\re\workspace\8-2-build-windows-amd64-cygwin\jdk8u111\7883\hotspot\src\share\vm\classfile\systemDictionary.cpp, line 210]
Event: 84.721 Thread 0x0000000022872800 Exception <a 'java/net/SocketTimeoutException': Read timed out> (0x000000076e2e7118) thrown at [C:\re\workspace\8-2-build-windows-amd64-cygwin\jdk8u111\7883\hotspot\src\share\vm\prims\jni.cpp, line 735]
Event: 89.726 Thread 0x0000000022872800 Exception <a 'java/net/SocketTimeoutException': Read timed out> (0x000000076e2f12d8) thrown at [C:\re\workspace\8-2-build-windows-amd64-cygwin\jdk8u111\7883\hotspot\src\share\vm\prims\jni.cpp, line 735]
Event: 90.043 Thread 0x00000000258a4800 Exception <a 'java/net/SocketTimeoutException': Read timed out> (0x000000077a1f5a18) thrown at [C:\re\workspace\8-2-build-windows-amd64-cygwin\jdk8u111\7883\hotspot\src\share\vm\prims\jni.cpp, line 735]

Events (10 events):
Event: 90.373 Executing VM operation: RevokeBias done
Event: 90.373 Executing VM operation: BulkRevokeBias
Event: 90.373 Executing VM operation: BulkRevokeBias done
Event: 90.373 Executing VM operation: BulkRevokeBias
Event: 90.373 Executing VM operation: BulkRevokeBias done
Event: 90.374 Executing VM operation: RevokeBias
Event: 90.374 Executing VM operation: RevokeBias done
Event: 90.374 Executing VM operation: RevokeBias
Event: 90.374 Executing VM operation: RevokeBias done
Event: 90.786 Thread 0x000000001eb9d800 flushing nmethod 0x0000000005ac6a10


Dynamic libraries:
0x00007ff601f70000 - 0x00007ff601fa7000 	D:\software\Java\jdk1.8.0_111\bin\javaw.exe
0x00007ffd880d0000 - 0x00007ffd882b0000 	C:\WINDOWS\SYSTEM32\ntdll.dll
0x00007ffd860e0000 - 0x00007ffd8618e000 	C:\WINDOWS\System32\KERNEL32.DLL
0x00007ffd844d0000 - 0x00007ffd84736000 	C:\WINDOWS\System32\KERNELBASE.dll
0x00007ffd86030000 - 0x00007ffd860d1000 	C:\WINDOWS\System32\ADVAPI32.dll
0x00007ffd87c90000 - 0x00007ffd87d2d000 	C:\WINDOWS\System32\msvcrt.dll
0x00007ffd862c0000 - 0x00007ffd8631b000 	C:\WINDOWS\System32\sechost.dll
0x00007ffd85eb0000 - 0x00007ffd85fcf000 	C:\WINDOWS\System32\RPCRT4.dll
0x00007ffd87f10000 - 0x00007ffd8809f000 	C:\WINDOWS\System32\USER32.dll
0x00007ffd84d00000 - 0x00007ffd84d20000 	C:\WINDOWS\System32\win32u.dll
0x00007ffd87d30000 - 0x00007ffd87d58000 	C:\WINDOWS\System32\GDI32.dll
0x00007ffd84ac0000 - 0x00007ffd84c53000 	C:\WINDOWS\System32\gdi32full.dll
0x00007ffd84c60000 - 0x00007ffd84cfb000 	C:\WINDOWS\System32\msvcp_win.dll
0x00007ffd84960000 - 0x00007ffd84a56000 	C:\WINDOWS\System32\ucrtbase.dll
0x00007ffd77ed0000 - 0x00007ffd78139000 	C:\WINDOWS\WinSxS\amd64_microsoft.windows.common-controls_6595b64144ccf1df_6.0.16299.431_none_15c7d3ee93659e73\COMCTL32.dll
0x00007ffd863c0000 - 0x00007ffd866c8000 	C:\WINDOWS\System32\combase.dll
0x00007ffd85520000 - 0x00007ffd85592000 	C:\WINDOWS\System32\bcryptPrimitives.dll
0x00007ffd85e80000 - 0x00007ffd85ead000 	C:\WINDOWS\System32\IMM32.DLL
0x0000000054870000 - 0x0000000054942000 	D:\software\Java\jdk1.8.0_111\jre\bin\msvcr100.dll
0x0000000054b20000 - 0x00000000553ba000 	D:\software\Java\jdk1.8.0_111\jre\bin\server\jvm.dll
0x00007ffd862b0000 - 0x00007ffd862b8000 	C:\WINDOWS\System32\PSAPI.DLL
0x00007ffd82180000 - 0x00007ffd821a3000 	C:\WINDOWS\SYSTEM32\WINMM.dll
0x00007ffd7f200000 - 0x00007ffd7f209000 	C:\WINDOWS\SYSTEM32\WSOCK32.dll
0x00007ffd86240000 - 0x00007ffd862ac000 	C:\WINDOWS\System32\WS2_32.dll
0x00007ffd786c0000 - 0x00007ffd786ca000 	C:\WINDOWS\SYSTEM32\VERSION.dll
0x00007ffd81ef0000 - 0x00007ffd81f1a000 	C:\WINDOWS\SYSTEM32\WINMMBASE.dll
0x00007ffd84740000 - 0x00007ffd8478a000 	C:\WINDOWS\System32\cfgmgr32.dll
0x0000000054a30000 - 0x0000000054a3f000 	D:\software\Java\jdk1.8.0_111\jre\bin\verify.dll
0x0000000054a00000 - 0x0000000054a29000 	D:\software\Java\jdk1.8.0_111\jre\bin\java.dll
0x00000000549e0000 - 0x00000000549f6000 	D:\software\Java\jdk1.8.0_111\jre\bin\zip.dll
0x00007ffd866d0000 - 0x00007ffd87b08000 	C:\WINDOWS\System32\SHELL32.dll
0x00007ffd86190000 - 0x00007ffd86236000 	C:\WINDOWS\System32\shcore.dll
0x00007ffd84dd0000 - 0x00007ffd85517000 	C:\WINDOWS\System32\windows.storage.dll
0x00007ffd85fd0000 - 0x00007ffd86021000 	C:\WINDOWS\System32\shlwapi.dll
0x00007ffd844b0000 - 0x00007ffd844c1000 	C:\WINDOWS\System32\kernel.appcore.dll
0x00007ffd84460000 - 0x00007ffd844ac000 	C:\WINDOWS\System32\powrprof.dll
0x00007ffd84440000 - 0x00007ffd8445b000 	C:\WINDOWS\System32\profapi.dll
0x00000000549c0000 - 0x00000000549da000 	D:\software\Java\jdk1.8.0_111\jre\bin\net.dll
0x00007ffd83cb0000 - 0x00007ffd83d16000 	C:\WINDOWS\system32\mswsock.dll
0x00007ffd83a40000 - 0x00007ffd83a79000 	C:\WINDOWS\SYSTEM32\IPHLPAPI.DLL
0x00007ffd87c80000 - 0x00007ffd87c88000 	C:\WINDOWS\System32\NSI.dll
0x00007ffd7ecc0000 - 0x00007ffd7ecd6000 	C:\WINDOWS\SYSTEM32\dhcpcsvc6.DLL
0x00007ffd7ec30000 - 0x00007ffd7ec4a000 	C:\WINDOWS\SYSTEM32\dhcpcsvc.DLL
0x00007ffd83a80000 - 0x00007ffd83b36000 	C:\WINDOWS\SYSTEM32\DNSAPI.dll
0x00007ffd7b410000 - 0x00007ffd7b41a000 	C:\Windows\System32\rasadhlp.dll
0x00007ffd7cda0000 - 0x00007ffd7ce10000 	C:\WINDOWS\System32\fwpuclnt.dll
0x00007ffd83f80000 - 0x00007ffd83fa5000 	C:\WINDOWS\SYSTEM32\bcrypt.dll
0x0000000054950000 - 0x000000005495d000 	D:\software\Java\jdk1.8.0_111\jre\bin\management.dll
0x00007ffd75890000 - 0x00007ffd758a6000 	C:\WINDOWS\system32\napinsp.dll
0x00007ffd75870000 - 0x00007ffd7588a000 	C:\WINDOWS\system32\pnrpnsp.dll
0x00007ffd82270000 - 0x00007ffd82288000 	C:\WINDOWS\system32\NLAapi.dll
0x00007ffd75860000 - 0x00007ffd7586e000 	C:\WINDOWS\System32\winrnr.dll
0x00007ffd74b40000 - 0x00007ffd74b55000 	C:\WINDOWS\System32\wshbth.dll
0x00000000549a0000 - 0x00000000549b1000 	D:\software\Java\jdk1.8.0_111\jre\bin\nio.dll
0x00007ffd83e80000 - 0x00007ffd83e97000 	C:\WINDOWS\SYSTEM32\CRYPTSP.dll
0x00007ffd838b0000 - 0x00007ffd838e3000 	C:\WINDOWS\system32\rsaenh.dll
0x00007ffd84350000 - 0x00007ffd84379000 	C:\WINDOWS\SYSTEM32\USERENV.dll
0x00007ffd83e70000 - 0x00007ffd83e7b000 	C:\WINDOWS\SYSTEM32\CRYPTBASE.dll
0x0000000054970000 - 0x0000000054994000 	D:\software\Java\jdk1.8.0_111\jre\bin\sunec.dll

VM Arguments:
jvm_args: -Dfile.encoding=UTF-8 
java_command: cn.linkmore.user.Launch
java_class_path (initial): D:\software\Java\jdk1.8.0_111\jre\lib\resources.jar;D:\software\Java\jdk1.8.0_111\jre\lib\rt.jar;D:\software\Java\jdk1.8.0_111\jre\lib\jsse.jar;D:\software\Java\jdk1.8.0_111\jre\lib\jce.jar;D:\software\Java\jdk1.8.0_111\jre\lib\charsets.jar;D:\software\Java\jdk1.8.0_111\jre\lib\jfr.jar;D:\software\Java\jdk1.8.0_111\jre\lib\ext\access-bridge-64.jar;D:\software\Java\jdk1.8.0_111\jre\lib\ext\cldrdata.jar;D:\software\Java\jdk1.8.0_111\jre\lib\ext\dnsns.jar;D:\software\Java\jdk1.8.0_111\jre\lib\ext\jaccess.jar;D:\software\Java\jdk1.8.0_111\jre\lib\ext\jfxrt.jar;D:\software\Java\jdk1.8.0_111\jre\lib\ext\localedata.jar;D:\software\Java\jdk1.8.0_111\jre\lib\ext\nashorn.jar;D:\software\Java\jdk1.8.0_111\jre\lib\ext\sunec.jar;D:\software\Java\jdk1.8.0_111\jre\lib\ext\sunjce_provider.jar;D:\software\Java\jdk1.8.0_111\jre\lib\ext\sunmscapi.jar;D:\software\Java\jdk1.8.0_111\jre\lib\ext\sunpkcs11.jar;D:\software\Java\jdk1.8.0_111\jre\lib\ext\zipfs.jar;D:\linkmore-sts\workspace\linkmore\user-app-server\target\classes;C:\Users\liwenlong\.m2\repository\org\springframework\cloud\spring-cloud-starter-netflix-eureka-client\1.4.3.RELEASE\spring-cloud-starter-netflix-eureka-client-1.4.3.RELEASE.jar;C:\Users\liwenlong\.m2\repository\org\springframework\cloud\spring-cloud-starter\1.3.2.RELEASE\spring-cloud-starter-1.3.2.RELEASE.jar;C:\Users\liwenlong\.m2\repository\org\springframework\cloud\spring-cloud-context\1.3.2.RELEASE\spring-cloud-context-1.3.2.RELEASE.jar;C:\Users\liwenlong\.m2\repository\org\springframework\security\spring-security-rsa\1.0.3.RELEASE\spring-security-rsa-1.0.3.RELEASE.jar;C:\Users\liwenlong\.m2\repository\org\bouncycastle\bcpkix-jdk15on\1.55\bcpkix-jdk15on-1.55.jar;C:\Users\liwenlong\.m2\repository\org\bouncycastle\bcprov-jdk15on\1.55\bcprov-jdk15on-1.55.jar;C:\Users\liwenlong\.m2\repository\org\springframework\cloud\spring-cloud-netflix-core\1.4.3.RELEASE\spring-cloud-netflix-core-1.4.3.RELEASE.jar;C:\Users\liwenlong\.m2\repository\org\
Launcher Type: SUN_STANDARD

Environment Variables:
JAVA_HOME=D:\software\Java\jdk1.8.0_111
CLASSPATH=.;D:\software\Java\jdk1.8.0_111\lib\tools.jar;D:\software\Java\jdk1.8.0_111\lib\dt.jar;D:\software\Java\jdk1.8.0_111\jre\lib\rt.jar;
PATH=D:/software/Java/jdk1.8.0_111/bin/../jre/bin/server;D:/software/Java/jdk1.8.0_111/bin/../jre/bin;D:/software/Java/jdk1.8.0_111/bin/../jre/lib/amd64;C:\WINDOWS\system32;C:\WINDOWS;C:\WINDOWS\System32\Wbem;C:\WINDOWS\System32\WindowsPowerShell\v1.0\;C:\Program Files\Git\cmd;D:\software\Java\jdk1.8.0_111\bin;D:\software\Java\jdk1.8.0_111\jre\bin;D:\software\apache-maven-3.5.0\bin;;%USERPROFILE%\AppData\Local\Microsoft\WindowsApps;D:\linkmore-sts\eclipse;
USERNAME=liwenlong
OS=Windows_NT
PROCESSOR_IDENTIFIER=Intel64 Family 6 Model 78 Stepping 3, GenuineIntel



---------------  S Y S T E M  ---------------

OS: Windows 10.0 , 64 bit Build 16299 (10.0.16299.431)

CPU:total 4 (2 cores per cpu, 2 threads per core) family 6 model 78 stepping 3, cmov, cx8, fxsr, mmx, sse, sse2, sse3, ssse3, sse4.1, sse4.2, popcnt, avx, avx2, aes, clmul, erms, 3dnowpref, lzcnt, ht, tsc, tscinvbit, bmi1, bmi2, adx

Memory: 4k page, physical 16657548k(3832692k free), swap 16657548k(10396k free)

vm_info: Java HotSpot(TM) 64-Bit Server VM (25.111-b14) for windows-amd64 JRE (1.8.0_111-b14), built on Sep 22 2016 19:24:05 by "java_re" with MS VC++ 10.0 (VS2010)

time: Wed May 30 10:09:56 2018
elapsed time: 90 seconds (0d 0h 1m 30s)

